# JRE version: OpenJDK Runtime Environment (8.0_265-b01) (build 1.8.0_265-b01)
# Java VM: OpenJDK 64-Bit Server VM (25.265-b01 mixed mode windows-amd64 compressed oops)
Heap:
 PSYoungGen      total 138240K, used 6064K [0x00000000d5f80000, 0x00000000e8c80000, 0x0000000100000000)
  eden space 133120K, 4% used [0x00000000d5f80000,0x00000000d656c0b0,0x00000000de180000)
  from space 5120K, 0% used [0x00000000de180000,0x00000000de180000,0x00000000de680000)
  to   space 20992K, 0% used [0x00000000e7800000,0x00000000e7800000,0x00000000e8c80000)
 ParOldGen       total 89600K, used 27039K [0x0000000081e00000, 0x0000000087580000, 0x00000000d5f80000)
  object space 89600K, 30% used [0x0000000081e00000,0x0000000083867da0,0x0000000087580000)
 Metaspace       used 21408K, capacity 21694K, committed 21760K, reserved 1069056K
  class space    used 2671K, capacity 2755K, committed 2816K, reserved 1048576K
GC Heap History (10 events):
Event: 1.052 GC heap before
{Heap before GC invocations=2 (full 0):
 PSYoungGen      total 38400K, used 38385K [0x00000000d5f80000, 0x00000000daa80000, 0x0000000100000000)
  eden space 33280K, 100% used [0x00000000d5f80000,0x00000000d8000000,0x00000000d8000000)
  from space 5120K, 99% used [0x00000000d8000000,0x00000000d84fc700,0x00000000d8500000)
  to   space 5120K, 0% used [0x00000000da580000,0x00000000da580000,0x00000000daa80000)
 ParOldGen       total 87552K, used 1720K [0x0000000081e00000, 0x0000000087380000, 0x00000000d5f80000)
  object space 87552K, 1% used [0x0000000081e00000,0x0000000081fae1e8,0x0000000087380000)
 Metaspace       used 8482K, capacity 8604K, committed 8832K, reserved 1056768K
  class space    used 1018K, capacity 1076K, committed 1152K, reserved 1048576K
Event: 1.063 GC heap after
Heap after GC invocations=2 (full 0):
 PSYoungGen      total 71680K, used 5091K [0x00000000d5f80000, 0x00000000daa80000, 0x0000000100000000)
  eden space 66560K, 0% used [0x00000000d5f80000,0x00000000d5f80000,0x00000000da080000)
  from space 5120K, 99% used [0x00000000da580000,0x00000000daa78c88,0x00000000daa80000)
  to   space 5120K, 0% used [0x00000000da080000,0x00000000da080000,0x00000000da580000)
 ParOldGen       total 87552K, used 11708K [0x0000000081e00000, 0x0000000087380000, 0x00000000d5f80000)
  object space 87552K, 13% used [0x0000000081e00000,0x000000008296f138,0x0000000087380000)
 Metaspace       used 8482K, capacity 8604K, committed 8832K, reserved 1056768K
  class space    used 1018K, capacity 1076K, committed 1152K, reserved 1048576K
}
Event: 2.067 GC heap before
{Heap before GC invocations=3 (full 0):
 PSYoungGen      total 71680K, used 71651K [0x00000000d5f80000, 0x00000000daa80000, 0x0000000100000000)
  eden space 66560K, 100% used [0x00000000d5f80000,0x00000000da080000,0x00000000da080000)
  from space 5120K, 99% used [0x00000000da580000,0x00000000daa78c88,0x00000000daa80000)
  to   space 5120K, 0% used [0x00000000da080000,0x00000000da080000,0x00000000da580000)
 ParOldGen       total 87552K, used 11708K [0x0000000081e00000, 0x0000000087380000, 0x00000000d5f80000)
  object space 87552K, 13% used [0x0000000081e00000,0x000000008296f138,0x0000000087380000)
 Metaspace       used 15744K, capacity 15870K, committed 16000K, reserved 1062912K
  class space    used 2035K, capacity 2079K, committed 2176K, reserved 1048576K
Event: 2.080 GC heap after
Heap after GC invocations=3 (full 0):
 PSYoungGen      total 71680K, used 5088K [0x00000000d5f80000, 0x00000000deb80000, 0x0000000100000000)
  eden space 66560K, 0% used [0x00000000d5f80000,0x00000000d5f80000,0x00000000da080000)
  from space 5120K, 99% used [0x00000000da080000,0x00000000da578020,0x00000000da580000)
  to   space 5120K, 0% used [0x00000000de680000,0x00000000de680000,0x00000000deb80000)
 ParOldGen       total 87552K, used 24298K [0x0000000081e00000, 0x0000000087380000, 0x00000000d5f80000)
  object space 87552K, 27% used [0x0000000081e00000,0x00000000835baa28,0x0000000087380000)
 Metaspace       used 15744K, capacity 15870K, committed 16000K, reserved 1062912K
  class space    used 2035K, capacity 2079K, committed 2176K, reserved 1048576K
}
Event: 3.674 GC heap before
{Heap before GC invocations=4 (full 0):
 PSYoungGen      total 71680K, used 71648K [0x00000000d5f80000, 0x00000000deb80000, 0x0000000100000000)
  eden space 66560K, 100% used [0x00000000d5f80000,0x00000000da080000,0x00000000da080000)
  from space 5120K, 99% used [0x00000000da080000,0x00000000da578020,0x00000000da580000)
  to   space 5120K, 0% used [0x00000000de680000,0x00000000de680000,0x00000000deb80000)
 ParOldGen       total 87552K, used 24298K [0x0000000081e00000, 0x0000000087380000, 0x00000000d5f80000)
  object space 87552K, 27% used [0x0000000081e00000,0x00000000835baa28,0x0000000087380000)
 Metaspace       used 20510K, capacity 20812K, committed 20864K, reserved 1067008K
  class space    used 2573K, capacity 2656K, committed 2688K, reserved 1048576K
Event: 3.691 GC heap after
Heap after GC invocations=4 (full 0):
 PSYoungGen      total 138240K, used 5104K [0x00000000d5f80000, 0x00000000deb80000, 0x0000000100000000)
  eden space 133120K, 0% used [0x00000000d5f80000,0x00000000d5f80000,0x00000000de180000)
  from space 5120K, 99% used [0x00000000de680000,0x00000000deb7c040,0x00000000deb80000)
  to   space 5120K, 0% used [0x00000000de180000,0x00000000de180000,0x00000000de680000)
 ParOldGen       total 87552K, used 30563K [0x0000000081e00000, 0x0000000087380000, 0x00000000d5f80000)
  object space 87552K, 34% used [0x0000000081e00000,0x0000000083bd8ee0,0x0000000087380000)
 Metaspace       used 20510K, capacity 20812K, committed 20864K, reserved 1067008K
  class space    used 2573K, capacity 2656K, committed 2688K, reserved 1048576K
}
Event: 3.798 GC heap before
{Heap before GC invocations=5 (full 0):
 PSYoungGen      total 138240K, used 15634K [0x00000000d5f80000, 0x00000000deb80000, 0x0000000100000000)
  eden space 133120K, 7% used [0x00000000d5f80000,0x00000000d69c8898,0x00000000de180000)
  from space 5120K, 99% used [0x00000000de680000,0x00000000deb7c040,0x00000000deb80000)
  to   space 5120K, 0% used [0x00000000de180000,0x00000000de180000,0x00000000de680000)
 ParOldGen       total 87552K, used 30563K [0x0000000081e00000, 0x0000000087380000, 0x00000000d5f80000)
  object space 87552K, 34% used [0x0000000081e00000,0x0000000083bd8ee0,0x0000000087380000)
 Metaspace       used 20867K, capacity 21118K, committed 21248K, reserved 1067008K
  class space    used 2604K, capacity 2691K, committed 2816K, reserved 1048576K
Event: 3.810 GC heap after
Heap after GC invocations=5 (full 0):
 PSYoungGen      total 138240K, used 5104K [0x00000000d5f80000, 0x00000000e8c80000, 0x0000000100000000)
  eden space 133120K, 0% used [0x00000000d5f80000,0x00000000d5f80000,0x00000000de180000)
  from space 5120K, 99% used [0x00000000de180000,0x00000000de67c040,0x00000000de680000)
  to   space 20992K, 0% used [0x00000000e7800000,0x00000000e7800000,0x00000000e8c80000)
 ParOldGen       total 87552K, used 30898K [0x0000000081e00000, 0x0000000087380000, 0x00000000d5f80000)
  object space 87552K, 35% used [0x0000000081e00000,0x0000000083c2cb58,0x0000000087380000)
 Metaspace       used 20867K, capacity 21118K, committed 21248K, reserved 1067008K
  class space    used 2604K, capacity 2691K, committed 2816K, reserved 1048576K
}
Event: 3.810 GC heap before
{Heap before GC invocations=6 (full 1):
 PSYoungGen      total 138240K, used 5104K [0x00000000d5f80000, 0x00000000e8c80000, 0x0000000100000000)
  eden space 133120K, 0% used [0x00000000d5f80000,0x00000000d5f80000,0x00000000de180000)
  from space 5120K, 99% used [0x00000000de180000,0x00000000de67c040,0x00000000de680000)
  to   space 20992K, 0% used [0x00000000e7800000,0x00000000e7800000,0x00000000e8c80000)
 ParOldGen       total 87552K, used 30898K [0x0000000081e00000, 0x0000000087380000, 0x00000000d5f80000)
  object space 87552K, 35% used [0x0000000081e00000,0x0000000083c2cb58,0x0000000087380000)
 Metaspace       used 20867K, capacity 21118K, committed 21248K, reserved 1067008K
  class space    used 2604K, capacity 2691K, committed 2816K, reserved 1048576K
Event: 3.900 GC heap after
Heap after GC invocations=6 (full 1):
 PSYoungGen      total 138240K, used 0K [0x00000000d5f80000, 0x00000000e8c80000, 0x0000000100000000)
  eden space 133120K, 0% used [0x00000000d5f80000,0x00000000d5f80000,0x00000000de180000)
  from space 5120K, 0% used [0x00000000de180000,0x00000000de180000,0x00000000de680000)
  to   space 20992K, 0% used [0x00000000e7800000,0x00000000e7800000,0x00000000e8c80000)
 ParOldGen       total 89600K, used 27039K [0x0000000081e00000, 0x0000000087580000, 0x00000000d5f80000)
  object space 89600K, 30% used [0x0000000081e00000,0x0000000083867da0,0x0000000087580000)
 Metaspace       used 20867K, capacity 21118K, committed 21248K, reserved 1067008K
  class space    used 2604K, capacity 2691K, committed 2816K, reserved 1048576K
}

